<?xml version="1.0" encoding="UTF-8"?>
<!-- Generated by org.testng.reporters.JUnitReportReporter -->
<testsuite hostname="LAPTOP-LF5IC19J" failures="0" tests="12" name="com.example.EcommerceAutomationTest" time="76.625" errors="0" timestamp="2023-08-01T15:58:52 IST" skipped="0">
  <testcase classname="com.example.EcommerceAutomationTest" name="HomePageTest" time="5.238">
    <system-out>
      <![CDATA[Page load time: 4216 milliseconds
Reached Flipkart Home page with edge driver
Home title matched
Pop-up has appeared, and it has been closed]]>
    </system-out>
  </testcase> <!-- HomePageTest -->
  <testcase classname="com.example.EcommerceAutomationTest" name="HomePageTest" time="15.583">
    <system-out>
      <![CDATA[Page load time: 4775 milliseconds
Reached Flipkart Home page with gecko driver
Home title matched
Pop-up has not appeared.]]>
    </system-out>
  </testcase> <!-- HomePageTest -->
  <testcase classname="com.example.EcommerceAutomationTest" name="HomePageTest" time="16.368">
    <system-out>
      <![CDATA[Page load time: 4719 milliseconds
Reached Flipkart Home page with chrome driver
Home title matched
Pop-up has not appeared.]]>
    </system-out>
  </testcase> <!-- HomePageTest -->
  <testcase classname="com.example.EcommerceAutomationTest" name="MobileSearchTest" time="5.696">
    <system-out>
      <![CDATA[Clicking on Mobiles link
Reached mobiles Page
Sending Keys "iPhone 13"
Clicking on search option]]>
    </system-out>
  </testcase> <!-- MobileSearchTest -->
  <testcase classname="com.example.EcommerceAutomationTest" name="MobileSearchTest" time="1.731">
    <system-out>
      <![CDATA[Clicking on Mobiles link
Reached mobiles Page
Sending Keys "iPhone 13"
Clicking on search option]]>
    </system-out>
  </testcase> <!-- MobileSearchTest -->
  <testcase classname="com.example.EcommerceAutomationTest" name="MobileSearchTest" time="2.112">
    <system-out>
      <![CDATA[Clicking on Mobiles link
Reached mobiles Page
Sending Keys "iPhone 13"
Clicking on search option]]>
    </system-out>
  </testcase> <!-- MobileSearchTest -->
  <testcase classname="com.example.EcommerceAutomationTest" name="ScrollFeatureTest" time="6.393">
    <system-out>
      <![CDATA[Reached iPhone 13 Page
Testing scroll feature
Successfully navigated to the bottom of the page.]]>
    </system-out>
  </testcase> <!-- ScrollFeatureTest -->
  <testcase classname="com.example.EcommerceAutomationTest" name="ScrollFeatureTest" time="6.394">
    <system-out>
      <![CDATA[Reached iPhone 13 Page
Testing scroll feature
Successfully navigated to the bottom of the page.]]>
    </system-out>
  </testcase> <!-- ScrollFeatureTest -->
  <testcase classname="com.example.EcommerceAutomationTest" name="ScrollFeatureTest" time="6.309">
    <system-out>
      <![CDATA[Reached iPhone 13 Page
Testing scroll feature
Successfully navigated to the bottom of the page.]]>
    </system-out>
  </testcase> <!-- ScrollFeatureTest -->
  <testcase classname="com.example.EcommerceAutomationTest" name="ImageVisibilityTest" time="3.402">
    <system-out>
      <![CDATA[Checking image visibility...
Verify the frequency of content refresh while scrolling
Executing the JavaScript code...
Checking if images are visible on the screen...
Verifying that the image is downloaded just before the user scrolls to its
position and gets displayed in time...
Time taken to display image: 45 milliseconds.
Image is visible within the screen height.
Time taken to display image: 44 milliseconds.
Image is visible within the screen height.
Time taken to display image: 43 milliseconds.
Image is visible within the screen height.
Time taken to display image: 35 milliseconds.
Image is visible within the screen height.
Time taken to display image: 30 milliseconds.
Image is visible within the screen height.
Time taken to display image: 31 milliseconds.
Image is visible within the screen height.
Time taken to display image: 31 milliseconds.
Image is visible within the screen height.
Time taken to display image: 25 milliseconds.
Image is visible within the screen height.
Time taken to display image: 26 milliseconds.
Image is visible within the screen height.
Time taken to load image: 30 milliseconds.
Image is not visible within the screen height.
Time taken to load image: 36 milliseconds.
Image is not visible within the screen height.
Time taken to load image: 19 milliseconds.
Image is not visible within the screen height.
Time taken to load image: 17 milliseconds.
Image is not visible within the screen height.
Time taken to load image: 9 milliseconds.
Image is not visible within the screen height.
Time taken to load image: 10 milliseconds.
Image is not visible within the screen height.
Time taken to load image: 10 milliseconds.
Image is not visible within the screen height.
Time taken to load image: 10 milliseconds.
Image is not visible within the screen height.
Time taken to load image: 10 milliseconds.
Image is not visible within the screen height.
Time taken to load image: 8 milliseconds.
Image is not visible within the screen height.
Time taken to load image: 6 milliseconds.
Image is not visible within the screen height.
Time taken to load image: 6 milliseconds.
Image is not visible within the screen height.
Time taken to load image: 6 milliseconds.
Image is not visible within the screen height.
Time taken to load image: 8 milliseconds.
Image is not visible within the screen height.
Time taken to load image: 7 milliseconds.
Image is not visible within the screen height.
Time taken to load image: 6 milliseconds.
Image is not visible within the screen height.
Time taken to load image: 10 milliseconds.
Image is not visible within the screen height.
Time taken to load image: 6 milliseconds.
Image is not visible within the screen height.
Time taken to load image: 8 milliseconds.
Image is not visible within the screen height.
Time taken to load image: 18 milliseconds.
Image is not visible within the screen height.
Time taken to load image: 7 milliseconds.
Image is not visible within the screen height.
Time taken to load image: 7 milliseconds.
Image is not visible within the screen height.
Time taken to load image: 7 milliseconds.
Image is not visible within the screen height.
Time taken to load image: 9 milliseconds.
Image is not visible within the screen height.
Time taken to load image: 7 milliseconds.
Image is not visible within the screen height.
Time taken to load image: 9 milliseconds.
Image is not visible within the screen height.]]>
    </system-out>
  </testcase> <!-- ImageVisibilityTest -->
  <testcase classname="com.example.EcommerceAutomationTest" name="ImageVisibilityTest" time="2.904">
    <system-out>
      <![CDATA[Checking image visibility...
Verify the frequency of content refresh while scrolling
Executing the JavaScript code...
Checking if images are visible on the screen...
Verifying that the image is downloaded just before the user scrolls to its
position and gets displayed in time...
Time taken to display image: 9 milliseconds.
Image is visible within the screen height.
Time taken to display image: 6 milliseconds.
Image is visible within the screen height.
Time taken to display image: 7 milliseconds.
Image is visible within the screen height.
Time taken to display image: 5 milliseconds.
Image is visible within the screen height.
Time taken to display image: 5 milliseconds.
Image is visible within the screen height.
Time taken to display image: 6 milliseconds.
Image is visible within the screen height.
Time taken to display image: 6 milliseconds.
Image is visible within the screen height.
Time taken to display image: 6 milliseconds.
Image is visible within the screen height.
Time taken to display image: 17 milliseconds.
Image is visible within the screen height.
Time taken to display image: 10 milliseconds.
Image is visible within the screen height.
Time taken to load image: 8 milliseconds.
Image is not visible within the screen height.
Time taken to load image: 9 milliseconds.
Image is not visible within the screen height.
Time taken to load image: 9 milliseconds.
Image is not visible within the screen height.
Time taken to load image: 6 milliseconds.
Image is not visible within the screen height.
Time taken to load image: 7 milliseconds.
Image is not visible within the screen height.
Time taken to load image: 5 milliseconds.
Image is not visible within the screen height.
Time taken to load image: 6 milliseconds.
Image is not visible within the screen height.
Time taken to load image: 8 milliseconds.
Image is not visible within the screen height.
Time taken to load image: 6 milliseconds.
Image is not visible within the screen height.
Time taken to load image: 7 milliseconds.
Image is not visible within the screen height.
Time taken to load image: 5 milliseconds.
Image is not visible within the screen height.
Time taken to load image: 5 milliseconds.
Image is not visible within the screen height.
Time taken to load image: 7 milliseconds.
Image is not visible within the screen height.
Time taken to load image: 5 milliseconds.
Image is not visible within the screen height.
Time taken to load image: 5 milliseconds.
Image is not visible within the screen height.
Time taken to load image: 7 milliseconds.
Image is not visible within the screen height.
Time taken to load image: 4 milliseconds.
Image is not visible within the screen height.
Time taken to load image: 6 milliseconds.
Image is not visible within the screen height.
Time taken to load image: 6 milliseconds.
Image is not visible within the screen height.
Time taken to load image: 5 milliseconds.
Image is not visible within the screen height.
Time taken to load image: 10 milliseconds.
Image is not visible within the screen height.
Time taken to load image: 6 milliseconds.
Image is not visible within the screen height.
Time taken to load image: 5 milliseconds.
Image is not visible within the screen height.
Time taken to load image: 7 milliseconds.
Image is not visible within the screen height.
Time taken to load image: 10 milliseconds.
Image is not visible within the screen height.]]>
    </system-out>
  </testcase> <!-- ImageVisibilityTest -->
  <testcase classname="com.example.EcommerceAutomationTest" name="ImageVisibilityTest" time="4.495">
    <system-out>
      <![CDATA[Checking image visibility...
Verify the frequency of content refresh while scrolling
Executing the JavaScript code...
Checking if images are visible on the screen...
Verifying that the image is downloaded just before the user scrolls to its
position and gets displayed in time...
Time taken to display image: 48 milliseconds.
Image is visible within the screen height.
Time taken to display image: 44 milliseconds.
Image is visible within the screen height.
Time taken to display image: 31 milliseconds.
Image is visible within the screen height.
Time taken to display image: 36 milliseconds.
Image is visible within the screen height.
Time taken to display image: 37 milliseconds.
Image is visible within the screen height.
Time taken to display image: 36 milliseconds.
Image is visible within the screen height.
Time taken to display image: 40 milliseconds.
Image is visible within the screen height.
Time taken to display image: 41 milliseconds.
Image is visible within the screen height.
Time taken to display image: 50 milliseconds.
Image is visible within the screen height.
Time taken to load image: 42 milliseconds.
Image is not visible within the screen height.
Time taken to load image: 41 milliseconds.
Image is not visible within the screen height.
Time taken to load image: 39 milliseconds.
Image is not visible within the screen height.
Time taken to load image: 38 milliseconds.
Image is not visible within the screen height.
Time taken to load image: 42 milliseconds.
Image is not visible within the screen height.
Time taken to load image: 34 milliseconds.
Image is not visible within the screen height.
Time taken to load image: 37 milliseconds.
Image is not visible within the screen height.
Time taken to load image: 43 milliseconds.
Image is not visible within the screen height.
Time taken to load image: 40 milliseconds.
Image is not visible within the screen height.
Time taken to load image: 34 milliseconds.
Image is not visible within the screen height.
Time taken to load image: 37 milliseconds.
Image is not visible within the screen height.
Time taken to load image: 32 milliseconds.
Image is not visible within the screen height.
Time taken to load image: 32 milliseconds.
Image is not visible within the screen height.
Time taken to load image: 29 milliseconds.
Image is not visible within the screen height.
Time taken to load image: 38 milliseconds.
Image is not visible within the screen height.
Time taken to load image: 34 milliseconds.
Image is not visible within the screen height.
Time taken to load image: 37 milliseconds.
Image is not visible within the screen height.
Time taken to load image: 35 milliseconds.
Image is not visible within the screen height.
Time taken to load image: 26 milliseconds.
Image is not visible within the screen height.
Time taken to load image: 24 milliseconds.
Image is not visible within the screen height.
Time taken to load image: 22 milliseconds.
Image is not visible within the screen height.
Time taken to load image: 31 milliseconds.
Image is not visible within the screen height.
Time taken to load image: 29 milliseconds.
Image is not visible within the screen height.]]>
    </system-out>
  </testcase> <!-- ImageVisibilityTest -->
  <system-out>
    <![CDATA[Page load time: 4719 milliseconds
Reached Flipkart Home page with chrome driver
Home title matched
Pop-up has not appeared.
Clicking on Mobiles link
Reached mobiles Page
Sending Keys "iPhone 13"
Clicking on search option
Reached iPhone 13 Page
Testing scroll feature
Successfully navigated to the bottom of the page.
Checking image visibility...
Verify the frequency of content refresh while scrolling
Executing the JavaScript code...
Checking if images are visible on the screen...
Verifying that the image is downloaded just before the user scrolls to its
position and gets displayed in time...
Time taken to display image: 48 milliseconds.
Image is visible within the screen height.
Time taken to display image: 44 milliseconds.
Image is visible within the screen height.
Time taken to display image: 31 milliseconds.
Image is visible within the screen height.
Time taken to display image: 36 milliseconds.
Image is visible within the screen height.
Time taken to display image: 37 milliseconds.
Image is visible within the screen height.
Time taken to display image: 36 milliseconds.
Image is visible within the screen height.
Time taken to display image: 40 milliseconds.
Image is visible within the screen height.
Time taken to display image: 41 milliseconds.
Image is visible within the screen height.
Time taken to display image: 50 milliseconds.
Image is visible within the screen height.
Time taken to load image: 42 milliseconds.
Image is not visible within the screen height.
Time taken to load image: 41 milliseconds.
Image is not visible within the screen height.
Time taken to load image: 39 milliseconds.
Image is not visible within the screen height.
Time taken to load image: 38 milliseconds.
Image is not visible within the screen height.
Time taken to load image: 42 milliseconds.
Image is not visible within the screen height.
Time taken to load image: 34 milliseconds.
Image is not visible within the screen height.
Time taken to load image: 37 milliseconds.
Image is not visible within the screen height.
Time taken to load image: 43 milliseconds.
Image is not visible within the screen height.
Time taken to load image: 40 milliseconds.
Image is not visible within the screen height.
Time taken to load image: 34 milliseconds.
Image is not visible within the screen height.
Time taken to load image: 37 milliseconds.
Image is not visible within the screen height.
Time taken to load image: 32 milliseconds.
Image is not visible within the screen height.
Time taken to load image: 32 milliseconds.
Image is not visible within the screen height.
Time taken to load image: 29 milliseconds.
Image is not visible within the screen height.
Time taken to load image: 38 milliseconds.
Image is not visible within the screen height.
Time taken to load image: 34 milliseconds.
Image is not visible within the screen height.
Time taken to load image: 37 milliseconds.
Image is not visible within the screen height.
Time taken to load image: 35 milliseconds.
Image is not visible within the screen height.
Time taken to load image: 26 milliseconds.
Image is not visible within the screen height.
Time taken to load image: 24 milliseconds.
Image is not visible within the screen height.
Time taken to load image: 22 milliseconds.
Image is not visible within the screen height.
Time taken to load image: 31 milliseconds.
Image is not visible within the screen height.
Time taken to load image: 29 milliseconds.
Image is not visible within the screen height.
Page load time: 4216 milliseconds
Reached Flipkart Home page with edge driver
Home title matched
Pop-up has appeared, and it has been closed
Clicking on Mobiles link
Reached mobiles Page
Sending Keys "iPhone 13"
Clicking on search option
Reached iPhone 13 Page
Testing scroll feature
Successfully navigated to the bottom of the page.
Checking image visibility...
Verify the frequency of content refresh while scrolling
Executing the JavaScript code...
Checking if images are visible on the screen...
Verifying that the image is downloaded just before the user scrolls to its
position and gets displayed in time...
Time taken to display image: 45 milliseconds.
Image is visible within the screen height.
Time taken to display image: 44 milliseconds.
Image is visible within the screen height.
Time taken to display image: 43 milliseconds.
Image is visible within the screen height.
Time taken to display image: 35 milliseconds.
Image is visible within the screen height.
Time taken to display image: 30 milliseconds.
Image is visible within the screen height.
Time taken to display image: 31 milliseconds.
Image is visible within the screen height.
Time taken to display image: 31 milliseconds.
Image is visible within the screen height.
Time taken to display image: 25 milliseconds.
Image is visible within the screen height.
Time taken to display image: 26 milliseconds.
Image is visible within the screen height.
Time taken to load image: 30 milliseconds.
Image is not visible within the screen height.
Time taken to load image: 36 milliseconds.
Image is not visible within the screen height.
Time taken to load image: 19 milliseconds.
Image is not visible within the screen height.
Time taken to load image: 17 milliseconds.
Image is not visible within the screen height.
Time taken to load image: 9 milliseconds.
Image is not visible within the screen height.
Time taken to load image: 10 milliseconds.
Image is not visible within the screen height.
Time taken to load image: 10 milliseconds.
Image is not visible within the screen height.
Time taken to load image: 10 milliseconds.
Image is not visible within the screen height.
Time taken to load image: 10 milliseconds.
Image is not visible within the screen height.
Time taken to load image: 8 milliseconds.
Image is not visible within the screen height.
Time taken to load image: 6 milliseconds.
Image is not visible within the screen height.
Time taken to load image: 6 milliseconds.
Image is not visible within the screen height.
Time taken to load image: 6 milliseconds.
Image is not visible within the screen height.
Time taken to load image: 8 milliseconds.
Image is not visible within the screen height.
Time taken to load image: 7 milliseconds.
Image is not visible within the screen height.
Time taken to load image: 6 milliseconds.
Image is not visible within the screen height.
Time taken to load image: 10 milliseconds.
Image is not visible within the screen height.
Time taken to load image: 6 milliseconds.
Image is not visible within the screen height.
Time taken to load image: 8 milliseconds.
Image is not visible within the screen height.
Time taken to load image: 18 milliseconds.
Image is not visible within the screen height.
Time taken to load image: 7 milliseconds.
Image is not visible within the screen height.
Time taken to load image: 7 milliseconds.
Image is not visible within the screen height.
Time taken to load image: 7 milliseconds.
Image is not visible within the screen height.
Time taken to load image: 9 milliseconds.
Image is not visible within the screen height.
Time taken to load image: 7 milliseconds.
Image is not visible within the screen height.
Time taken to load image: 9 milliseconds.
Image is not visible within the screen height.
Page load time: 4775 milliseconds
Reached Flipkart Home page with gecko driver
Home title matched
Pop-up has not appeared.
Clicking on Mobiles link
Reached mobiles Page
Sending Keys "iPhone 13"
Clicking on search option
Reached iPhone 13 Page
Testing scroll feature
Successfully navigated to the bottom of the page.
Checking image visibility...
Verify the frequency of content refresh while scrolling
Executing the JavaScript code...
Checking if images are visible on the screen...
Verifying that the image is downloaded just before the user scrolls to its
position and gets displayed in time...
Time taken to display image: 9 milliseconds.
Image is visible within the screen height.
Time taken to display image: 6 milliseconds.
Image is visible within the screen height.
Time taken to display image: 7 milliseconds.
Image is visible within the screen height.
Time taken to display image: 5 milliseconds.
Image is visible within the screen height.
Time taken to display image: 5 milliseconds.
Image is visible within the screen height.
Time taken to display image: 6 milliseconds.
Image is visible within the screen height.
Time taken to display image: 6 milliseconds.
Image is visible within the screen height.
Time taken to display image: 6 milliseconds.
Image is visible within the screen height.
Time taken to display image: 17 milliseconds.
Image is visible within the screen height.
Time taken to display image: 10 milliseconds.
Image is visible within the screen height.
Time taken to load image: 8 milliseconds.
Image is not visible within the screen height.
Time taken to load image: 9 milliseconds.
Image is not visible within the screen height.
Time taken to load image: 9 milliseconds.
Image is not visible within the screen height.
Time taken to load image: 6 milliseconds.
Image is not visible within the screen height.
Time taken to load image: 7 milliseconds.
Image is not visible within the screen height.
Time taken to load image: 5 milliseconds.
Image is not visible within the screen height.
Time taken to load image: 6 milliseconds.
Image is not visible within the screen height.
Time taken to load image: 8 milliseconds.
Image is not visible within the screen height.
Time taken to load image: 6 milliseconds.
Image is not visible within the screen height.
Time taken to load image: 7 milliseconds.
Image is not visible within the screen height.
Time taken to load image: 5 milliseconds.
Image is not visible within the screen height.
Time taken to load image: 5 milliseconds.
Image is not visible within the screen height.
Time taken to load image: 7 milliseconds.
Image is not visible within the screen height.
Time taken to load image: 5 milliseconds.
Image is not visible within the screen height.
Time taken to load image: 5 milliseconds.
Image is not visible within the screen height.
Time taken to load image: 7 milliseconds.
Image is not visible within the screen height.
Time taken to load image: 4 milliseconds.
Image is not visible within the screen height.
Time taken to load image: 6 milliseconds.
Image is not visible within the screen height.
Time taken to load image: 6 milliseconds.
Image is not visible within the screen height.
Time taken to load image: 5 milliseconds.
Image is not visible within the screen height.
Time taken to load image: 10 milliseconds.
Image is not visible within the screen height.
Time taken to load image: 6 milliseconds.
Image is not visible within the screen height.
Time taken to load image: 5 milliseconds.
Image is not visible within the screen height.
Time taken to load image: 7 milliseconds.
Image is not visible within the screen height.
Time taken to load image: 10 milliseconds.
Image is not visible within the screen height.]]>
  </system-out>
</testsuite> <!-- com.example.EcommerceAutomationTest -->
