<?xml version="1.0" encoding="UTF-8"?>
<!-- Generated by org.testng.reporters.JUnitReportReporter -->
<testsuite hostname="DESKTOP-LB2G77M" failures="0" tests="4" name="com.example.FlipkartTest" time="15.392" errors="0" timestamp="2023-08-01T09:09:13 IST" skipped="0">
  <testcase classname="com.example.FlipkartTest" name="HomePageTest" time="3.004"/>
  <testcase classname="com.example.FlipkartTest" name="MobileSearchTest" time="1.823"/>
  <testcase classname="com.example.FlipkartTest" name="ScrollFeatureTest" time="4.184"/>
  <testcase classname="com.example.FlipkartTest" name="ImageVisibilityTest" time="6.381"/>
</testsuite> <!-- com.example.FlipkartTest -->
